

================================================================
== Vivado HLS Report for 'estimate_ISI_encode'
================================================================
* Date:           Thu Aug 12 12:02:08 2021

* Version:        2019.1 (Build 2552052 on Fri May 24 15:28:33 MDT 2019)
* Project:        ISI_MUL_EN
* Solution:       unroll_12_pipeline
* Product family: zynq
* Target device:  xc7z020-clg484-1


================================================================
== Performance Estimates
================================================================
+ Timing (ns): 
    * Summary: 
    +--------+-------+----------+------------+
    |  Clock | Target| Estimated| Uncertainty|
    +--------+-------+----------+------------+
    |ap_clk  |  10.00|     8.242|        1.25|
    +--------+-------+----------+------------+

+ Latency (clock cycles): 
    * Summary: 
    +-----+-----+-----+-----+---------+
    |  Latency  |  Interval | Pipeline|
    | min | max | min | max |   Type  |
    +-----+-----+-----+-----+---------+
    |   26|   26|   26|   26|   none  |
    +-----+-----+-----+-----+---------+

    + Detail: 
        * Instance: 
        N/A

        * Loop: 
        +----------------+-----+-----+----------+-----------+-----------+------+----------+
        |                |  Latency  | Iteration|  Initiation Interval  | Trip |          |
        |    Loop Name   | min | max |  Latency |  achieved |   target  | Count| Pipelined|
        +----------------+-----+-----+----------+-----------+-----------+------+----------+
        |- estimate_ISI  |   18|   18|         5|          2|          1|     8|    yes   |
        +----------------+-----+-----+----------+-----------+-----------+------+----------+



================================================================
== Utilization Estimates
================================================================
* Summary: 
+-----------------+---------+-------+--------+-------+-----+
|       Name      | BRAM_18K| DSP48E|   FF   |  LUT  | URAM|
+-----------------+---------+-------+--------+-------+-----+
|DSP              |        -|      -|       -|      -|    -|
|Expression       |        -|      0|       0|   2036|    -|
|FIFO             |        -|      -|       -|      -|    -|
|Instance         |       48|      -|    2412|   2488|    -|
|Memory           |        0|      -|      64|      8|    0|
|Multiplexer      |        -|      -|       -|   1243|    -|
|Register         |        -|      -|    1714|      -|    -|
+-----------------+---------+-------+--------+-------+-----+
|Total            |       48|      0|    4190|   5775|    0|
+-----------------+---------+-------+--------+-------+-----+
|Available        |      280|    220|  106400|  53200|    0|
+-----------------+---------+-------+--------+-------+-----+
|Utilization (%)  |       17|      0|       3|     10|    0|
+-----------------+---------+-------+--------+-------+-----+

+ Detail: 
    * Instance: 
    +--------------------------------------+------------------------------------+---------+-------+------+------+-----+
    |               Instance               |               Module               | BRAM_18K| DSP48E|  FF  |  LUT | URAM|
    +--------------------------------------+------------------------------------+---------+-------+------+------+-----+
    |estimate_ISI_encode_AXILiteS_s_axi_U  |estimate_ISI_encode_AXILiteS_s_axi  |       48|      0|  2412|  2488|    0|
    +--------------------------------------+------------------------------------+---------+-------+------+------+-----+
    |Total                                 |                                    |       48|      0|  2412|  2488|    0|
    +--------------------------------------+------------------------------------+---------+-------+------+------+-----+

    * DSP48E: 
    N/A

    * Memory: 
    +---------------+---------------------------------+---------+---+----+-----+------+-----+------+-------------+
    |     Memory    |              Module             | BRAM_18K| FF| LUT| URAM| Words| Bits| Banks| W*Bits*Banks|
    +---------------+---------------------------------+---------+---+----+-----+------+-----+------+-------------+
    |ISIquan_0_V_U  |estimate_ISI_encode_ISIquan_0_V  |        0|  8|   1|    0|    12|    4|     1|           48|
    |ISIquan_1_V_U  |estimate_ISI_encode_ISIquan_0_V  |        0|  8|   1|    0|    12|    4|     1|           48|
    |ISIquan_2_V_U  |estimate_ISI_encode_ISIquan_0_V  |        0|  8|   1|    0|    12|    4|     1|           48|
    |ISIquan_3_V_U  |estimate_ISI_encode_ISIquan_0_V  |        0|  8|   1|    0|    12|    4|     1|           48|
    |ISIquan_4_V_U  |estimate_ISI_encode_ISIquan_0_V  |        0|  8|   1|    0|    12|    4|     1|           48|
    |ISIquan_5_V_U  |estimate_ISI_encode_ISIquan_0_V  |        0|  8|   1|    0|    12|    4|     1|           48|
    |ISIquan_6_V_U  |estimate_ISI_encode_ISIquan_0_V  |        0|  8|   1|    0|    12|    4|     1|           48|
    |ISIquan_7_V_U  |estimate_ISI_encode_ISIquan_0_V  |        0|  8|   1|    0|    12|    4|     1|           48|
    +---------------+---------------------------------+---------+---+----+-----+------+-----+------+-------------+
    |Total          |                                 |        0| 64|   8|    0|    96|   32|     8|          384|
    +---------------+---------------------------------+---------+---+----+-----+------+-----+------+-------------+

    * FIFO: 
    N/A

    * Expression: 
    +-----------------------------+----------+-------+---+----+------------+------------+
    |        Variable Name        | Operation| DSP48E| FF| LUT| Bitwidth P0| Bitwidth P1|
    +-----------------------------+----------+-------+---+----+------------+------------+
    |mul_ln1118_10_fu_3461_p2     |     *    |      0|  0|  33|           7|           7|
    |mul_ln1118_11_fu_3532_p2     |     *    |      0|  0|  33|           7|           7|
    |mul_ln1118_1_fu_3759_p2      |     *    |      0|  0|  33|           7|           7|
    |mul_ln1118_2_fu_3862_p2      |     *    |      0|  0|  33|           7|           7|
    |mul_ln1118_3_fu_3965_p2      |     *    |      0|  0|  33|           7|           7|
    |mul_ln1118_4_fu_4068_p2      |     *    |      0|  0|  33|           7|           7|
    |mul_ln1118_5_fu_4171_p2      |     *    |      0|  0|  33|           7|           7|
    |mul_ln1118_6_fu_3177_p2      |     *    |      0|  0|  33|           7|           7|
    |mul_ln1118_7_fu_3248_p2      |     *    |      0|  0|  33|           7|           7|
    |mul_ln1118_8_fu_3319_p2      |     *    |      0|  0|  33|           7|           7|
    |mul_ln1118_9_fu_3390_p2      |     *    |      0|  0|  33|           7|           7|
    |mul_ln1118_fu_3656_p2        |     *    |      0|  0|  33|           7|           7|
    |add_ln17_1_fu_4559_p2        |     +    |      0|  0|  15|           3|           7|
    |add_ln17_2_fu_4591_p2        |     +    |      0|  0|  15|           3|           7|
    |add_ln17_3_fu_4703_p2        |     +    |      0|  0|  15|           3|           7|
    |add_ln17_4_fu_4815_p2        |     +    |      0|  0|  15|           4|           7|
    |add_ln17_5_fu_4927_p2        |     +    |      0|  0|  15|           4|           7|
    |add_ln17_6_fu_5039_p2        |     +    |      0|  0|  15|           4|           7|
    |add_ln17_7_fu_5151_p2        |     +    |      0|  0|  15|           4|           7|
    |add_ln17_8_fu_2397_p2        |     +    |      0|  0|  15|           7|           4|
    |add_ln17_9_fu_1991_p2        |     +    |      0|  0|  13|           4|           1|
    |add_ln17_fu_4527_p2          |     +    |      0|  0|  15|           3|           7|
    |sub_ln1193_10_fu_3449_p2     |     -    |      0|  0|  15|           8|           8|
    |sub_ln1193_11_fu_3520_p2     |     -    |      0|  0|  15|           8|           8|
    |sub_ln1193_1_fu_3745_p2      |     -    |      0|  0|  15|           8|           8|
    |sub_ln1193_2_fu_3848_p2      |     -    |      0|  0|  15|           8|           8|
    |sub_ln1193_3_fu_3951_p2      |     -    |      0|  0|  15|           8|           8|
    |sub_ln1193_4_fu_4054_p2      |     -    |      0|  0|  15|           8|           8|
    |sub_ln1193_5_fu_4157_p2      |     -    |      0|  0|  15|           8|           8|
    |sub_ln1193_6_fu_3165_p2      |     -    |      0|  0|  15|           8|           8|
    |sub_ln1193_7_fu_3236_p2      |     -    |      0|  0|  15|           8|           8|
    |sub_ln1193_8_fu_3307_p2      |     -    |      0|  0|  15|           8|           8|
    |sub_ln1193_9_fu_3378_p2      |     -    |      0|  0|  15|           8|           8|
    |sub_ln1193_fu_3642_p2        |     -    |      0|  0|  15|           8|           8|
    |sub_ln703_10_fu_4181_p2      |     -    |      0|  0|  12|          12|          12|
    |sub_ln703_11_fu_4187_p2      |     -    |      0|  0|  12|          12|          12|
    |sub_ln703_12_fu_3208_p2      |     -    |      0|  0|  12|          12|          12|
    |sub_ln703_13_fu_3214_p2      |     -    |      0|  0|  12|          12|          12|
    |sub_ln703_14_fu_3279_p2      |     -    |      0|  0|  12|          12|          12|
    |sub_ln703_15_fu_3285_p2      |     -    |      0|  0|  12|          12|          12|
    |sub_ln703_16_fu_3350_p2      |     -    |      0|  0|  12|          12|          12|
    |sub_ln703_17_fu_3356_p2      |     -    |      0|  0|  12|          12|          12|
    |sub_ln703_18_fu_3421_p2      |     -    |      0|  0|  12|          12|          12|
    |sub_ln703_19_fu_3427_p2      |     -    |      0|  0|  12|          12|          12|
    |sub_ln703_1_fu_3672_p2       |     -    |      0|  0|  12|          12|          12|
    |sub_ln703_20_fu_3492_p2      |     -    |      0|  0|  12|          12|          12|
    |sub_ln703_21_fu_3498_p2      |     -    |      0|  0|  12|          12|          12|
    |sub_ln703_22_fu_3563_p2      |     -    |      0|  0|  12|          12|          12|
    |sub_ln703_23_fu_3569_p2      |     -    |      0|  0|  12|          12|          12|
    |sub_ln703_2_fu_3769_p2       |     -    |      0|  0|  12|          12|          12|
    |sub_ln703_3_fu_3775_p2       |     -    |      0|  0|  12|          12|          12|
    |sub_ln703_4_fu_3872_p2       |     -    |      0|  0|  12|          12|          12|
    |sub_ln703_5_fu_3878_p2       |     -    |      0|  0|  12|          12|          12|
    |sub_ln703_6_fu_3975_p2       |     -    |      0|  0|  12|          12|          12|
    |sub_ln703_7_fu_3981_p2       |     -    |      0|  0|  12|          12|          12|
    |sub_ln703_8_fu_4078_p2       |     -    |      0|  0|  12|          12|          12|
    |sub_ln703_9_fu_4084_p2       |     -    |      0|  0|  12|          12|          12|
    |sub_ln703_fu_3666_p2         |     -    |      0|  0|  12|          12|          12|
    |sub_ln731_10_fu_4402_p2      |     -    |      0|  0|  12|          12|          12|
    |sub_ln731_11_fu_4449_p2      |     -    |      0|  0|  12|          12|          12|
    |sub_ln731_1_fu_3707_p2       |     -    |      0|  0|  12|          12|          12|
    |sub_ln731_2_fu_3810_p2       |     -    |      0|  0|  12|          12|          12|
    |sub_ln731_3_fu_3913_p2       |     -    |      0|  0|  12|          12|          12|
    |sub_ln731_4_fu_4016_p2       |     -    |      0|  0|  12|          12|          12|
    |sub_ln731_5_fu_4119_p2       |     -    |      0|  0|  12|          12|          12|
    |sub_ln731_6_fu_4214_p2       |     -    |      0|  0|  12|          12|          12|
    |sub_ln731_7_fu_4261_p2       |     -    |      0|  0|  12|          12|          12|
    |sub_ln731_8_fu_4308_p2       |     -    |      0|  0|  12|          12|          12|
    |sub_ln731_9_fu_4355_p2       |     -    |      0|  0|  12|          12|          12|
    |sub_ln731_fu_3604_p2         |     -    |      0|  0|  12|          12|          12|
    |and_ln1497_10_fu_5115_p2     |    and   |      0|  0|   2|           1|           1|
    |and_ln1497_11_fu_5227_p2     |    and   |      0|  0|   2|           1|           1|
    |and_ln1497_1_fu_2633_p2      |    and   |      0|  0|   2|           1|           1|
    |and_ln1497_2_fu_2769_p2      |    and   |      0|  0|   2|           1|           1|
    |and_ln1497_3_fu_2905_p2      |    and   |      0|  0|   2|           1|           1|
    |and_ln1497_4_fu_3023_p2      |    and   |      0|  0|   2|           1|           1|
    |and_ln1497_5_fu_3121_p2      |    and   |      0|  0|   2|           1|           1|
    |and_ln1497_6_fu_4667_p2      |    and   |      0|  0|   2|           1|           1|
    |and_ln1497_7_fu_4779_p2      |    and   |      0|  0|   2|           1|           1|
    |and_ln1497_8_fu_4891_p2      |    and   |      0|  0|   2|           1|           1|
    |and_ln1497_9_fu_5003_p2      |    and   |      0|  0|   2|           1|           1|
    |and_ln1497_fu_2489_p2        |    and   |      0|  0|   2|           1|           1|
    |icmp_ln1494_10_fu_3483_p2    |   icmp   |      0|  0|  13|          15|          15|
    |icmp_ln1494_11_fu_3554_p2    |   icmp   |      0|  0|  13|          15|          15|
    |icmp_ln1494_1_fu_2582_p2     |   icmp   |      0|  0|  13|          15|          15|
    |icmp_ln1494_2_fu_2718_p2     |   icmp   |      0|  0|  13|          15|          15|
    |icmp_ln1494_3_fu_2854_p2     |   icmp   |      0|  0|  13|          15|          15|
    |icmp_ln1494_4_fu_2972_p2     |   icmp   |      0|  0|  13|          15|          15|
    |icmp_ln1494_5_fu_3070_p2     |   icmp   |      0|  0|  13|          15|          15|
    |icmp_ln1494_6_fu_3199_p2     |   icmp   |      0|  0|  13|          15|          15|
    |icmp_ln1494_7_fu_3270_p2     |   icmp   |      0|  0|  13|          15|          15|
    |icmp_ln1494_8_fu_3341_p2     |   icmp   |      0|  0|  13|          15|          15|
    |icmp_ln1494_9_fu_3412_p2     |   icmp   |      0|  0|  13|          15|          15|
    |icmp_ln1494_fu_2438_p2       |   icmp   |      0|  0|  13|          15|          15|
    |icmp_ln1495_10_fu_5087_p2    |   icmp   |      0|  0|  13|          12|           6|
    |icmp_ln1495_11_fu_5199_p2    |   icmp   |      0|  0|  13|          12|           6|
    |icmp_ln1495_1_fu_2605_p2     |   icmp   |      0|  0|  13|          12|           6|
    |icmp_ln1495_2_fu_2741_p2     |   icmp   |      0|  0|  13|          12|           6|
    |icmp_ln1495_3_fu_2877_p2     |   icmp   |      0|  0|  13|          12|           6|
    |icmp_ln1495_4_fu_2995_p2     |   icmp   |      0|  0|  13|          12|           6|
    |icmp_ln1495_5_fu_3093_p2     |   icmp   |      0|  0|  13|          12|           6|
    |icmp_ln1495_6_fu_4639_p2     |   icmp   |      0|  0|  13|          12|           6|
    |icmp_ln1495_7_fu_4751_p2     |   icmp   |      0|  0|  13|          12|           6|
    |icmp_ln1495_8_fu_4863_p2     |   icmp   |      0|  0|  13|          12|           6|
    |icmp_ln1495_9_fu_4975_p2     |   icmp   |      0|  0|  13|          12|           6|
    |icmp_ln1495_fu_2461_p2       |   icmp   |      0|  0|  13|          12|           6|
    |icmp_ln1497_10_fu_5093_p2    |   icmp   |      0|  0|  13|          12|           9|
    |icmp_ln1497_11_fu_5205_p2    |   icmp   |      0|  0|  13|          12|           9|
    |icmp_ln1497_1_fu_2611_p2     |   icmp   |      0|  0|  13|          12|           9|
    |icmp_ln1497_2_fu_2747_p2     |   icmp   |      0|  0|  13|          12|           9|
    |icmp_ln1497_3_fu_2883_p2     |   icmp   |      0|  0|  13|          12|           9|
    |icmp_ln1497_4_fu_3001_p2     |   icmp   |      0|  0|  13|          12|           9|
    |icmp_ln1497_5_fu_3099_p2     |   icmp   |      0|  0|  13|          12|           9|
    |icmp_ln1497_6_fu_4645_p2     |   icmp   |      0|  0|  13|          12|           9|
    |icmp_ln1497_7_fu_4757_p2     |   icmp   |      0|  0|  13|          12|           9|
    |icmp_ln1497_8_fu_4869_p2     |   icmp   |      0|  0|  13|          12|           9|
    |icmp_ln1497_9_fu_4981_p2     |   icmp   |      0|  0|  13|          12|           9|
    |icmp_ln1497_fu_2467_p2       |   icmp   |      0|  0|  13|          12|           9|
    |icmp_ln17_fu_1985_p2         |   icmp   |      0|  0|  11|           7|           7|
    |icmp_ln321_1_fu_2529_p2      |   icmp   |      0|  0|   9|           3|           1|
    |icmp_ln321_2_fu_2557_p2      |   icmp   |      0|  0|   9|           3|           1|
    |icmp_ln321_3_fu_2675_p2      |   icmp   |      0|  0|   9|           3|           1|
    |icmp_ln321_4_fu_2693_p2      |   icmp   |      0|  0|   9|           3|           2|
    |icmp_ln321_5_fu_2811_p2      |   icmp   |      0|  0|   9|           3|           2|
    |icmp_ln321_6_fu_2829_p2      |   icmp   |      0|  0|   9|           3|           2|
    |icmp_ln321_7_fu_2947_p2      |   icmp   |      0|  0|   9|           3|           2|
    |icmp_ln321_8_fu_2539_p2      |   icmp   |      0|  0|   9|           3|           1|
    |icmp_ln321_fu_2413_p2        |   icmp   |      0|  0|   9|           3|           1|
    |or_ln1495_10_fu_5129_p2      |    or    |      0|  0|   2|           1|           1|
    |or_ln1495_11_fu_5241_p2      |    or    |      0|  0|   2|           1|           1|
    |or_ln1495_1_fu_2647_p2       |    or    |      0|  0|   2|           1|           1|
    |or_ln1495_2_fu_2783_p2       |    or    |      0|  0|   2|           1|           1|
    |or_ln1495_3_fu_2919_p2       |    or    |      0|  0|   2|           1|           1|
    |or_ln1495_4_fu_3037_p2       |    or    |      0|  0|   2|           1|           1|
    |or_ln1495_5_fu_3135_p2       |    or    |      0|  0|   2|           1|           1|
    |or_ln1495_6_fu_4681_p2       |    or    |      0|  0|   2|           1|           1|
    |or_ln1495_7_fu_4793_p2       |    or    |      0|  0|   2|           1|           1|
    |or_ln1495_8_fu_4905_p2       |    or    |      0|  0|   2|           1|           1|
    |or_ln1495_9_fu_5017_p2       |    or    |      0|  0|   2|           1|           1|
    |or_ln1495_fu_2503_p2         |    or    |      0|  0|   2|           1|           1|
    |or_ln321_1_fu_2663_p2        |    or    |      0|  0|   3|           3|           1|
    |or_ln321_2_fu_2681_p2        |    or    |      0|  0|   3|           3|           2|
    |or_ln321_3_fu_2799_p2        |    or    |      0|  0|   3|           3|           2|
    |or_ln321_4_fu_2817_p2        |    or    |      0|  0|   3|           3|           2|
    |or_ln321_5_fu_2935_p2        |    or    |      0|  0|   3|           3|           2|
    |or_ln321_fu_2545_p2          |    or    |      0|  0|   3|           3|           1|
    |ISI_q_V_10_fu_5135_p3        |  select  |      0|  0|   4|           1|           4|
    |ISI_q_V_11_fu_5247_p3        |  select  |      0|  0|   4|           1|           4|
    |ISI_q_V_1_fu_2653_p3         |  select  |      0|  0|   4|           1|           4|
    |ISI_q_V_2_fu_2789_p3         |  select  |      0|  0|   4|           1|           4|
    |ISI_q_V_3_fu_2925_p3         |  select  |      0|  0|   4|           1|           4|
    |ISI_q_V_4_fu_3043_p3         |  select  |      0|  0|   4|           1|           4|
    |ISI_q_V_5_fu_3141_p3         |  select  |      0|  0|   4|           1|           4|
    |ISI_q_V_6_fu_4687_p3         |  select  |      0|  0|   4|           1|           4|
    |ISI_q_V_7_fu_4799_p3         |  select  |      0|  0|   4|           1|           4|
    |ISI_q_V_8_fu_4911_p3         |  select  |      0|  0|   4|           1|           4|
    |ISI_q_V_9_fu_5023_p3         |  select  |      0|  0|   4|           1|           4|
    |ISI_q_V_fu_2509_p3           |  select  |      0|  0|   4|           1|           4|
    |select_ln1494_10_fu_5057_p3  |  select  |      0|  0|  12|           1|          12|
    |select_ln1494_11_fu_5169_p3  |  select  |      0|  0|  12|           1|          12|
    |select_ln1494_1_fu_2588_p3   |  select  |      0|  0|  12|           1|          12|
    |select_ln1494_2_fu_2724_p3   |  select  |      0|  0|  12|           1|          12|
    |select_ln1494_3_fu_2860_p3   |  select  |      0|  0|  12|           1|          12|
    |select_ln1494_4_fu_2978_p3   |  select  |      0|  0|  12|           1|          12|
    |select_ln1494_5_fu_3076_p3   |  select  |      0|  0|  12|           1|          12|
    |select_ln1494_6_fu_4609_p3   |  select  |      0|  0|  12|           1|          12|
    |select_ln1494_7_fu_4721_p3   |  select  |      0|  0|  12|           1|          12|
    |select_ln1494_8_fu_4833_p3   |  select  |      0|  0|  12|           1|          12|
    |select_ln1494_9_fu_4945_p3   |  select  |      0|  0|  12|           1|          12|
    |select_ln1494_fu_2444_p3     |  select  |      0|  0|  12|           1|          12|
    |select_ln1495_10_fu_3127_p3  |  select  |      0|  0|   3|           1|           3|
    |select_ln1495_12_fu_4673_p3  |  select  |      0|  0|   3|           1|           3|
    |select_ln1495_14_fu_4785_p3  |  select  |      0|  0|   3|           1|           3|
    |select_ln1495_16_fu_4897_p3  |  select  |      0|  0|   3|           1|           3|
    |select_ln1495_18_fu_5009_p3  |  select  |      0|  0|   3|           1|           3|
    |select_ln1495_20_fu_5121_p3  |  select  |      0|  0|   3|           1|           3|
    |select_ln1495_22_fu_5233_p3  |  select  |      0|  0|   3|           1|           3|
    |select_ln1495_2_fu_2639_p3   |  select  |      0|  0|   3|           1|           3|
    |select_ln1495_4_fu_2775_p3   |  select  |      0|  0|   3|           1|           3|
    |select_ln1495_6_fu_2911_p3   |  select  |      0|  0|   3|           1|           3|
    |select_ln1495_8_fu_3029_p3   |  select  |      0|  0|   3|           1|           3|
    |select_ln1495_fu_2495_p3     |  select  |      0|  0|   3|           1|           3|
    |ap_enable_pp0                |    xor   |      0|  0|   2|           1|           2|
    |xor_ln1495_10_fu_5109_p2     |    xor   |      0|  0|   2|           1|           2|
    |xor_ln1495_11_fu_5221_p2     |    xor   |      0|  0|   2|           1|           2|
    |xor_ln1495_1_fu_2627_p2      |    xor   |      0|  0|   2|           1|           2|
    |xor_ln1495_2_fu_2763_p2      |    xor   |      0|  0|   2|           1|           2|
    |xor_ln1495_3_fu_2899_p2      |    xor   |      0|  0|   2|           1|           2|
    |xor_ln1495_4_fu_3017_p2      |    xor   |      0|  0|   2|           1|           2|
    |xor_ln1495_5_fu_3115_p2      |    xor   |      0|  0|   2|           1|           2|
    |xor_ln1495_6_fu_4661_p2      |    xor   |      0|  0|   2|           1|           2|
    |xor_ln1495_7_fu_4773_p2      |    xor   |      0|  0|   2|           1|           2|
    |xor_ln1495_8_fu_4885_p2      |    xor   |      0|  0|   2|           1|           2|
    |xor_ln1495_9_fu_4997_p2      |    xor   |      0|  0|   2|           1|           2|
    |xor_ln1495_fu_2483_p2        |    xor   |      0|  0|   2|           1|           2|
    +-----------------------------+----------+-------+---+----+------------+------------+
    |Total                        |          |      0|  0|2036|        1244|        1341|
    +-----------------------------+----------+-------+---+----+------------+------------+

    * Multiplexer: 
    +----------------------------------------+----+-----------+-----+-----------+
    |                  Name                  | LUT| Input Size| Bits| Total Bits|
    +----------------------------------------+----+-----------+-----+-----------+
    |ISIquan_0_V_address0                    |  56|         13|    4|         52|
    |ISIquan_0_V_address1                    |  38|          7|    4|         28|
    |ISIquan_0_V_d0                          |  27|          5|    4|         20|
    |ISIquan_1_V_address0                    |  56|         13|    4|         52|
    |ISIquan_1_V_address1                    |  38|          7|    4|         28|
    |ISIquan_1_V_d0                          |  27|          5|    4|         20|
    |ISIquan_2_V_address0                    |  56|         13|    4|         52|
    |ISIquan_2_V_address1                    |  38|          7|    4|         28|
    |ISIquan_2_V_d0                          |  27|          5|    4|         20|
    |ISIquan_3_V_address0                    |  56|         13|    4|         52|
    |ISIquan_3_V_address1                    |  38|          7|    4|         28|
    |ISIquan_3_V_d0                          |  27|          5|    4|         20|
    |ISIquan_4_V_address0                    |  56|         13|    4|         52|
    |ISIquan_4_V_address1                    |  38|          7|    4|         28|
    |ISIquan_4_V_d0                          |  27|          5|    4|         20|
    |ISIquan_5_V_address0                    |  56|         13|    4|         52|
    |ISIquan_5_V_address1                    |  38|          7|    4|         28|
    |ISIquan_5_V_d0                          |  27|          5|    4|         20|
    |ISIquan_6_V_address0                    |  56|         13|    4|         52|
    |ISIquan_6_V_address1                    |  38|          7|    4|         28|
    |ISIquan_6_V_d0                          |  27|          5|    4|         20|
    |ISIquan_7_V_address0                    |  56|         13|    4|         52|
    |ISIquan_7_V_address1                    |  38|          7|    4|         28|
    |ISIquan_7_V_d0                          |  27|          5|    4|         20|
    |ap_NS_fsm                               |  50|         11|    1|         11|
    |ap_enable_reg_pp0_iter2                 |   9|          2|    1|          2|
    |ap_phi_mux_indvars_iv21_phi_fu_1854_p4  |   9|          2|    4|          8|
    |ap_phi_mux_j_0_0_phi_fu_1865_p4         |   9|          2|    7|         14|
    |indvars_iv21_reg_1850                   |   9|          2|    4|          8|
    |j_0_0_reg_1861                          |   9|          2|    7|         14|
    |rem_0_address0                          |  15|          3|    3|          9|
    |rem_10_address0                         |  15|          3|    3|          9|
    |rem_11_address0                         |  15|          3|    3|          9|
    |rem_1_address0                          |  15|          3|    3|          9|
    |rem_2_address0                          |  15|          3|    3|          9|
    |rem_3_address0                          |  15|          3|    3|          9|
    |rem_4_address0                          |  15|          3|    3|          9|
    |rem_5_address0                          |  15|          3|    3|          9|
    |rem_6_address0                          |  15|          3|    3|          9|
    |rem_7_address0                          |  15|          3|    3|          9|
    |rem_8_address0                          |  15|          3|    3|          9|
    |rem_9_address0                          |  15|          3|    3|          9|
    +----------------------------------------+----+-----------+-----+-----------+
    |Total                                   |1243|        257|  156|        965|
    +----------------------------------------+----+-----------+-----+-----------+

    * Register: 
    +---------------------------------------+----+----+-----+-----------+
    |                  Name                 | FF | LUT| Bits| Const Bits|
    +---------------------------------------+----+----+-----+-----------+
    |ISI_q_V_4_reg_5854                     |   4|   0|    4|          0|
    |ISI_q_V_5_reg_5865                     |   4|   0|    4|          0|
    |ISIquan_0_V_load_1_reg_6315            |   4|   0|    4|          0|
    |ISIquan_0_V_load_2_reg_6435            |   4|   0|    4|          0|
    |ISIquan_0_V_load_3_reg_6475            |   4|   0|    4|          0|
    |ISIquan_0_V_load_4_reg_6595            |   4|   0|    4|          0|
    |ISIquan_0_V_load_5_reg_6635            |   4|   0|    4|          0|
    |ISIquan_0_V_load_6_reg_6755            |   4|   0|    4|          0|
    |ISIquan_0_V_load_7_reg_6795            |   4|   0|    4|          0|
    |ISIquan_0_V_load_8_reg_6915            |   4|   0|    4|          0|
    |ISIquan_0_V_load_9_reg_6955            |   4|   0|    4|          0|
    |ISIquan_0_V_load_reg_6275              |   4|   0|    4|          0|
    |ISIquan_1_V_load_1_reg_6320            |   4|   0|    4|          0|
    |ISIquan_1_V_load_2_reg_6440            |   4|   0|    4|          0|
    |ISIquan_1_V_load_3_reg_6480            |   4|   0|    4|          0|
    |ISIquan_1_V_load_4_reg_6600            |   4|   0|    4|          0|
    |ISIquan_1_V_load_5_reg_6640            |   4|   0|    4|          0|
    |ISIquan_1_V_load_6_reg_6760            |   4|   0|    4|          0|
    |ISIquan_1_V_load_7_reg_6800            |   4|   0|    4|          0|
    |ISIquan_1_V_load_8_reg_6920            |   4|   0|    4|          0|
    |ISIquan_1_V_load_9_reg_6960            |   4|   0|    4|          0|
    |ISIquan_1_V_load_reg_6280              |   4|   0|    4|          0|
    |ISIquan_2_V_load_1_reg_6325            |   4|   0|    4|          0|
    |ISIquan_2_V_load_2_reg_6445            |   4|   0|    4|          0|
    |ISIquan_2_V_load_3_reg_6485            |   4|   0|    4|          0|
    |ISIquan_2_V_load_4_reg_6605            |   4|   0|    4|          0|
    |ISIquan_2_V_load_5_reg_6645            |   4|   0|    4|          0|
    |ISIquan_2_V_load_6_reg_6765            |   4|   0|    4|          0|
    |ISIquan_2_V_load_7_reg_6805            |   4|   0|    4|          0|
    |ISIquan_2_V_load_8_reg_6925            |   4|   0|    4|          0|
    |ISIquan_2_V_load_9_reg_6965            |   4|   0|    4|          0|
    |ISIquan_2_V_load_reg_6285              |   4|   0|    4|          0|
    |ISIquan_3_V_load_1_reg_6330            |   4|   0|    4|          0|
    |ISIquan_3_V_load_2_reg_6450            |   4|   0|    4|          0|
    |ISIquan_3_V_load_3_reg_6490            |   4|   0|    4|          0|
    |ISIquan_3_V_load_4_reg_6610            |   4|   0|    4|          0|
    |ISIquan_3_V_load_5_reg_6650            |   4|   0|    4|          0|
    |ISIquan_3_V_load_6_reg_6770            |   4|   0|    4|          0|
    |ISIquan_3_V_load_7_reg_6810            |   4|   0|    4|          0|
    |ISIquan_3_V_load_8_reg_6930            |   4|   0|    4|          0|
    |ISIquan_3_V_load_9_reg_6970            |   4|   0|    4|          0|
    |ISIquan_3_V_load_reg_6290              |   4|   0|    4|          0|
    |ISIquan_4_V_load_1_reg_6335            |   4|   0|    4|          0|
    |ISIquan_4_V_load_2_reg_6455            |   4|   0|    4|          0|
    |ISIquan_4_V_load_3_reg_6495            |   4|   0|    4|          0|
    |ISIquan_4_V_load_4_reg_6615            |   4|   0|    4|          0|
    |ISIquan_4_V_load_5_reg_6655            |   4|   0|    4|          0|
    |ISIquan_4_V_load_6_reg_6775            |   4|   0|    4|          0|
    |ISIquan_4_V_load_7_reg_6815            |   4|   0|    4|          0|
    |ISIquan_4_V_load_8_reg_6935            |   4|   0|    4|          0|
    |ISIquan_4_V_load_9_reg_6975            |   4|   0|    4|          0|
    |ISIquan_4_V_load_reg_6295              |   4|   0|    4|          0|
    |ISIquan_5_V_load_1_reg_6340            |   4|   0|    4|          0|
    |ISIquan_5_V_load_2_reg_6460            |   4|   0|    4|          0|
    |ISIquan_5_V_load_3_reg_6500            |   4|   0|    4|          0|
    |ISIquan_5_V_load_4_reg_6620            |   4|   0|    4|          0|
    |ISIquan_5_V_load_5_reg_6660            |   4|   0|    4|          0|
    |ISIquan_5_V_load_6_reg_6780            |   4|   0|    4|          0|
    |ISIquan_5_V_load_7_reg_6820            |   4|   0|    4|          0|
    |ISIquan_5_V_load_8_reg_6940            |   4|   0|    4|          0|
    |ISIquan_5_V_load_9_reg_6980            |   4|   0|    4|          0|
    |ISIquan_5_V_load_reg_6300              |   4|   0|    4|          0|
    |ISIquan_6_V_load_1_reg_6345            |   4|   0|    4|          0|
    |ISIquan_6_V_load_2_reg_6465            |   4|   0|    4|          0|
    |ISIquan_6_V_load_3_reg_6505            |   4|   0|    4|          0|
    |ISIquan_6_V_load_4_reg_6625            |   4|   0|    4|          0|
    |ISIquan_6_V_load_5_reg_6665            |   4|   0|    4|          0|
    |ISIquan_6_V_load_6_reg_6785            |   4|   0|    4|          0|
    |ISIquan_6_V_load_7_reg_6825            |   4|   0|    4|          0|
    |ISIquan_6_V_load_8_reg_6945            |   4|   0|    4|          0|
    |ISIquan_6_V_load_9_reg_6985            |   4|   0|    4|          0|
    |ISIquan_6_V_load_reg_6305              |   4|   0|    4|          0|
    |ISIquan_7_V_load_1_reg_6350            |   4|   0|    4|          0|
    |ISIquan_7_V_load_2_reg_6470            |   4|   0|    4|          0|
    |ISIquan_7_V_load_3_reg_6510            |   4|   0|    4|          0|
    |ISIquan_7_V_load_4_reg_6630            |   4|   0|    4|          0|
    |ISIquan_7_V_load_5_reg_6670            |   4|   0|    4|          0|
    |ISIquan_7_V_load_6_reg_6790            |   4|   0|    4|          0|
    |ISIquan_7_V_load_7_reg_6830            |   4|   0|    4|          0|
    |ISIquan_7_V_load_8_reg_6950            |   4|   0|    4|          0|
    |ISIquan_7_V_load_9_reg_6990            |   4|   0|    4|          0|
    |ISIquan_7_V_load_reg_6310              |   4|   0|    4|          0|
    |add_ln17_8_reg_5796                    |   7|   0|    7|          0|
    |add_ln17_9_reg_5439                    |   4|   0|    4|          0|
    |ap_CS_fsm                              |  10|   0|   10|          0|
    |ap_enable_reg_pp0_iter0                |   1|   0|    1|          0|
    |ap_enable_reg_pp0_iter1                |   1|   0|    1|          0|
    |ap_enable_reg_pp0_iter2                |   1|   0|    1|          0|
    |icmp_ln1494_10_reg_5911                |   1|   0|    1|          0|
    |icmp_ln1494_11_reg_5921                |   1|   0|    1|          0|
    |icmp_ln1494_6_reg_5871                 |   1|   0|    1|          0|
    |icmp_ln1494_7_reg_5881                 |   1|   0|    1|          0|
    |icmp_ln1494_8_reg_5891                 |   1|   0|    1|          0|
    |icmp_ln1494_9_reg_5901                 |   1|   0|    1|          0|
    |icmp_ln17_reg_5435                     |   1|   0|    1|          0|
    |icmp_ln321_8_reg_5812                  |   1|   0|    1|          0|
    |indvars_iv21_reg_1850                  |   4|   0|    4|          0|
    |j_0_0_reg_1861                         |   7|   0|    7|          0|
    |j_0_0_reg_1861_pp0_iter1_reg           |   7|   0|    7|          0|
    |mul_ln1118_1_reg_5961                  |  14|   0|   14|          0|
    |mul_ln1118_2_reg_5981                  |  14|   0|   14|          0|
    |mul_ln1118_3_reg_6001                  |  14|   0|   14|          0|
    |mul_ln1118_4_reg_6021                  |  14|   0|   14|          0|
    |mul_ln1118_5_reg_6041                  |  14|   0|   14|          0|
    |mul_ln1118_reg_5941                    |  14|   0|   14|          0|
    |rem_0_addr_reg_5533                    |   3|   0|    3|          0|
    |rem_0_addr_reg_5533_pp0_iter1_reg      |   3|   0|    3|          0|
    |rem_10_addr_reg_5763                   |   3|   0|    3|          0|
    |rem_10_addr_reg_5763_pp0_iter1_reg     |   3|   0|    3|          0|
    |rem_11_addr_reg_5786                   |   3|   0|    3|          0|
    |rem_11_addr_reg_5786_pp0_iter1_reg     |   3|   0|    3|          0|
    |rem_1_addr_reg_5556                    |   3|   0|    3|          0|
    |rem_1_addr_reg_5556_pp0_iter1_reg      |   3|   0|    3|          0|
    |rem_2_addr_reg_5579                    |   3|   0|    3|          0|
    |rem_2_addr_reg_5579_pp0_iter1_reg      |   3|   0|    3|          0|
    |rem_3_addr_reg_5602                    |   3|   0|    3|          0|
    |rem_3_addr_reg_5602_pp0_iter1_reg      |   3|   0|    3|          0|
    |rem_4_addr_reg_5625                    |   3|   0|    3|          0|
    |rem_4_addr_reg_5625_pp0_iter1_reg      |   3|   0|    3|          0|
    |rem_5_addr_reg_5648                    |   3|   0|    3|          0|
    |rem_5_addr_reg_5648_pp0_iter1_reg      |   3|   0|    3|          0|
    |rem_6_addr_reg_5671                    |   3|   0|    3|          0|
    |rem_6_addr_reg_5671_pp0_iter1_reg      |   3|   0|    3|          0|
    |rem_7_addr_reg_5694                    |   3|   0|    3|          0|
    |rem_7_addr_reg_5694_pp0_iter1_reg      |   3|   0|    3|          0|
    |rem_8_addr_reg_5717                    |   3|   0|    3|          0|
    |rem_8_addr_reg_5717_pp0_iter1_reg      |   3|   0|    3|          0|
    |rem_9_addr_reg_5740                    |   3|   0|    3|          0|
    |rem_9_addr_reg_5740_pp0_iter1_reg      |   3|   0|    3|          0|
    |sub_ln1193_1_reg_5956                  |   8|   0|    8|          0|
    |sub_ln1193_2_reg_5976                  |   8|   0|    8|          0|
    |sub_ln1193_3_reg_5996                  |   8|   0|    8|          0|
    |sub_ln1193_4_reg_6016                  |   8|   0|    8|          0|
    |sub_ln1193_5_reg_6036                  |   8|   0|    8|          0|
    |sub_ln1193_reg_5936                    |   8|   0|    8|          0|
    |sub_ln703_11_reg_6046                  |  12|   0|   12|          0|
    |sub_ln703_13_reg_5876                  |  12|   0|   12|          0|
    |sub_ln703_15_reg_5886                  |  12|   0|   12|          0|
    |sub_ln703_17_reg_5896                  |  12|   0|   12|          0|
    |sub_ln703_19_reg_5906                  |  12|   0|   12|          0|
    |sub_ln703_1_reg_5946                   |  12|   0|   12|          0|
    |sub_ln703_21_reg_5916                  |  12|   0|   12|          0|
    |sub_ln703_23_reg_5926                  |  12|   0|   12|          0|
    |sub_ln703_3_reg_5966                   |  12|   0|   12|          0|
    |sub_ln703_5_reg_5986                   |  12|   0|   12|          0|
    |sub_ln703_7_reg_6006                   |  12|   0|   12|          0|
    |sub_ln703_9_reg_6026                   |  12|   0|   12|          0|
    |sub_ln731_10_reg_6152                  |  12|   0|   12|          0|
    |sub_ln731_11_reg_6176                  |  12|   0|   12|          0|
    |sub_ln731_1_reg_5951                   |  12|   0|   12|          0|
    |sub_ln731_2_reg_5971                   |  12|   0|   12|          0|
    |sub_ln731_3_reg_5991                   |  12|   0|   12|          0|
    |sub_ln731_4_reg_6011                   |  12|   0|   12|          0|
    |sub_ln731_5_reg_6031                   |  12|   0|   12|          0|
    |sub_ln731_6_reg_6056                   |  12|   0|   12|          0|
    |sub_ln731_7_reg_6080                   |  12|   0|   12|          0|
    |sub_ln731_8_reg_6104                   |  12|   0|   12|          0|
    |sub_ln731_9_reg_6128                   |  12|   0|   12|          0|
    |sub_ln731_reg_5931                     |  12|   0|   12|          0|
    |tmp_10_reg_5860                        |  10|   0|   10|          0|
    |tmp_1_reg_5804                         |  10|   0|   10|          0|
    |tmp_24_reg_5528                        |  19|   0|   19|          0|
    |tmp_24_reg_5528_pp0_iter1_reg          |  19|   0|   19|          0|
    |tmp_26_reg_5538                        |  11|   0|   11|          0|
    |tmp_27_reg_5524                        |   1|   0|    1|          0|
    |tmp_27_reg_5524_pp0_iter1_reg          |   1|   0|    1|          0|
    |tmp_28_reg_5551                        |  19|   0|   19|          0|
    |tmp_28_reg_5551_pp0_iter1_reg          |  19|   0|   19|          0|
    |tmp_30_reg_5561                        |  11|   0|   11|          0|
    |tmp_31_reg_5547                        |   1|   0|    1|          0|
    |tmp_31_reg_5547_pp0_iter1_reg          |   1|   0|    1|          0|
    |tmp_32_reg_5574                        |  19|   0|   19|          0|
    |tmp_32_reg_5574_pp0_iter1_reg          |  19|   0|   19|          0|
    |tmp_34_reg_5584                        |  11|   0|   11|          0|
    |tmp_35_reg_5570                        |   1|   0|    1|          0|
    |tmp_35_reg_5570_pp0_iter1_reg          |   1|   0|    1|          0|
    |tmp_36_reg_5597                        |  19|   0|   19|          0|
    |tmp_36_reg_5597_pp0_iter1_reg          |  19|   0|   19|          0|
    |tmp_38_reg_5607                        |  11|   0|   11|          0|
    |tmp_39_reg_5593                        |   1|   0|    1|          0|
    |tmp_39_reg_5593_pp0_iter1_reg          |   1|   0|    1|          0|
    |tmp_3_reg_5819                         |  10|   0|   10|          0|
    |tmp_40_reg_5620                        |  19|   0|   19|          0|
    |tmp_40_reg_5620_pp0_iter1_reg          |  19|   0|   19|          0|
    |tmp_42_reg_5630                        |  11|   0|   11|          0|
    |tmp_43_reg_5616                        |   1|   0|    1|          0|
    |tmp_43_reg_5616_pp0_iter1_reg          |   1|   0|    1|          0|
    |tmp_44_reg_5643                        |  19|   0|   19|          0|
    |tmp_44_reg_5643_pp0_iter1_reg          |  19|   0|   19|          0|
    |tmp_46_reg_5653                        |  11|   0|   11|          0|
    |tmp_47_reg_5639                        |   1|   0|    1|          0|
    |tmp_47_reg_5639_pp0_iter1_reg          |   1|   0|    1|          0|
    |tmp_48_reg_5666                        |  19|   0|   19|          0|
    |tmp_48_reg_5666_pp0_iter1_reg          |  19|   0|   19|          0|
    |tmp_49_reg_6051                        |  10|   0|   10|          0|
    |tmp_50_reg_5676                        |  11|   0|   11|          0|
    |tmp_51_reg_5662                        |   1|   0|    1|          0|
    |tmp_51_reg_5662_pp0_iter1_reg          |   1|   0|    1|          0|
    |tmp_52_reg_5689                        |  19|   0|   19|          0|
    |tmp_52_reg_5689_pp0_iter1_reg          |  19|   0|   19|          0|
    |tmp_53_reg_6075                        |  10|   0|   10|          0|
    |tmp_54_reg_5699                        |  11|   0|   11|          0|
    |tmp_55_reg_5685                        |   1|   0|    1|          0|
    |tmp_55_reg_5685_pp0_iter1_reg          |   1|   0|    1|          0|
    |tmp_56_reg_5712                        |  19|   0|   19|          0|
    |tmp_56_reg_5712_pp0_iter1_reg          |  19|   0|   19|          0|
    |tmp_57_reg_6099                        |  10|   0|   10|          0|
    |tmp_58_reg_5722                        |  11|   0|   11|          0|
    |tmp_59_reg_5708                        |   1|   0|    1|          0|
    |tmp_59_reg_5708_pp0_iter1_reg          |   1|   0|    1|          0|
    |tmp_5_reg_5830                         |  10|   0|   10|          0|
    |tmp_60_reg_5735                        |  19|   0|   19|          0|
    |tmp_60_reg_5735_pp0_iter1_reg          |  19|   0|   19|          0|
    |tmp_61_reg_6123                        |  10|   0|   10|          0|
    |tmp_62_reg_5745                        |  11|   0|   11|          0|
    |tmp_63_reg_5731                        |   1|   0|    1|          0|
    |tmp_63_reg_5731_pp0_iter1_reg          |   1|   0|    1|          0|
    |tmp_64_reg_5758                        |  19|   0|   19|          0|
    |tmp_64_reg_5758_pp0_iter1_reg          |  19|   0|   19|          0|
    |tmp_65_reg_6147                        |  10|   0|   10|          0|
    |tmp_66_reg_5768                        |  11|   0|   11|          0|
    |tmp_67_reg_5754                        |   1|   0|    1|          0|
    |tmp_67_reg_5754_pp0_iter1_reg          |   1|   0|    1|          0|
    |tmp_68_reg_5781                        |  19|   0|   19|          0|
    |tmp_68_reg_5781_pp0_iter1_reg          |  19|   0|   19|          0|
    |tmp_69_reg_6171                        |  10|   0|   10|          0|
    |tmp_70_reg_5791                        |  11|   0|   11|          0|
    |tmp_71_reg_5777                        |   1|   0|    1|          0|
    |tmp_71_reg_5777_pp0_iter1_reg          |   1|   0|    1|          0|
    |tmp_7_reg_5841                         |  10|   0|   10|          0|
    |tmp_9_reg_5849                         |  10|   0|   10|          0|
    |trunc_ln1333_10_reg_6164               |   7|   0|    7|          0|
    |trunc_ln1333_11_reg_6188               |   7|   0|    7|          0|
    |trunc_ln1333_17_reg_6061               |   7|   0|    7|          0|
    |trunc_ln1333_18_reg_6085               |   7|   0|    7|          0|
    |trunc_ln1333_19_reg_6109               |   7|   0|    7|          0|
    |trunc_ln1333_20_reg_6133               |   7|   0|    7|          0|
    |trunc_ln1333_21_reg_6157               |   7|   0|    7|          0|
    |trunc_ln1333_22_reg_6181               |   7|   0|    7|          0|
    |trunc_ln1333_6_reg_6068                |   7|   0|    7|          0|
    |trunc_ln1333_7_reg_6092                |   7|   0|    7|          0|
    |trunc_ln1333_8_reg_6116                |   7|   0|    7|          0|
    |trunc_ln1333_9_reg_6140                |   7|   0|    7|          0|
    |trunc_ln301_10_reg_5750                |   1|   0|    1|          0|
    |trunc_ln301_10_reg_5750_pp0_iter1_reg  |   1|   0|    1|          0|
    |trunc_ln301_11_reg_5773                |   1|   0|    1|          0|
    |trunc_ln301_11_reg_5773_pp0_iter1_reg  |   1|   0|    1|          0|
    |trunc_ln301_1_reg_5543                 |   1|   0|    1|          0|
    |trunc_ln301_1_reg_5543_pp0_iter1_reg   |   1|   0|    1|          0|
    |trunc_ln301_2_reg_5566                 |   1|   0|    1|          0|
    |trunc_ln301_2_reg_5566_pp0_iter1_reg   |   1|   0|    1|          0|
    |trunc_ln301_3_reg_5589                 |   1|   0|    1|          0|
    |trunc_ln301_3_reg_5589_pp0_iter1_reg   |   1|   0|    1|          0|
    |trunc_ln301_4_reg_5612                 |   1|   0|    1|          0|
    |trunc_ln301_4_reg_5612_pp0_iter1_reg   |   1|   0|    1|          0|
    |trunc_ln301_5_reg_5635                 |   1|   0|    1|          0|
    |trunc_ln301_5_reg_5635_pp0_iter1_reg   |   1|   0|    1|          0|
    |trunc_ln301_6_reg_5658                 |   1|   0|    1|          0|
    |trunc_ln301_6_reg_5658_pp0_iter1_reg   |   1|   0|    1|          0|
    |trunc_ln301_7_reg_5681                 |   1|   0|    1|          0|
    |trunc_ln301_7_reg_5681_pp0_iter1_reg   |   1|   0|    1|          0|
    |trunc_ln301_8_reg_5704                 |   1|   0|    1|          0|
    |trunc_ln301_8_reg_5704_pp0_iter1_reg   |   1|   0|    1|          0|
    |trunc_ln301_9_reg_5727                 |   1|   0|    1|          0|
    |trunc_ln301_9_reg_5727_pp0_iter1_reg   |   1|   0|    1|          0|
    |trunc_ln301_reg_5520                   |   1|   0|    1|          0|
    |trunc_ln301_reg_5520_pp0_iter1_reg     |   1|   0|    1|          0|
    |zext_ln18_reg_5444                     |   4|   0|   64|         60|
    +---------------------------------------+----+----+-----+-----------+
    |Total                                  |1714|   0| 1774|         60|
    +---------------------------------------+----+----+-----+-----------+



================================================================
== Interface
================================================================
* Summary: 
+------------------------+-----+-----+------------+---------------------+--------------+
|        RTL Ports       | Dir | Bits|  Protocol  |    Source Object    |    C Type    |
+------------------------+-----+-----+------------+---------------------+--------------+
|s_axi_AXILiteS_AWVALID  |  in |    1|    s_axi   |       AXILiteS      |    pointer   |
|s_axi_AXILiteS_AWREADY  | out |    1|    s_axi   |       AXILiteS      |    pointer   |
|s_axi_AXILiteS_AWADDR   |  in |   10|    s_axi   |       AXILiteS      |    pointer   |
|s_axi_AXILiteS_WVALID   |  in |    1|    s_axi   |       AXILiteS      |    pointer   |
|s_axi_AXILiteS_WREADY   | out |    1|    s_axi   |       AXILiteS      |    pointer   |
|s_axi_AXILiteS_WDATA    |  in |   32|    s_axi   |       AXILiteS      |    pointer   |
|s_axi_AXILiteS_WSTRB    |  in |    4|    s_axi   |       AXILiteS      |    pointer   |
|s_axi_AXILiteS_ARVALID  |  in |    1|    s_axi   |       AXILiteS      |    pointer   |
|s_axi_AXILiteS_ARREADY  | out |    1|    s_axi   |       AXILiteS      |    pointer   |
|s_axi_AXILiteS_ARADDR   |  in |   10|    s_axi   |       AXILiteS      |    pointer   |
|s_axi_AXILiteS_RVALID   | out |    1|    s_axi   |       AXILiteS      |    pointer   |
|s_axi_AXILiteS_RREADY   |  in |    1|    s_axi   |       AXILiteS      |    pointer   |
|s_axi_AXILiteS_RDATA    | out |   32|    s_axi   |       AXILiteS      |    pointer   |
|s_axi_AXILiteS_RRESP    | out |    2|    s_axi   |       AXILiteS      |    pointer   |
|s_axi_AXILiteS_BVALID   | out |    1|    s_axi   |       AXILiteS      |    pointer   |
|s_axi_AXILiteS_BREADY   |  in |    1|    s_axi   |       AXILiteS      |    pointer   |
|s_axi_AXILiteS_BRESP    | out |    2|    s_axi   |       AXILiteS      |    pointer   |
|ap_clk                  |  in |    1| ap_ctrl_hs | estimate_ISI_encode | return value |
|ap_rst_n                |  in |    1| ap_ctrl_hs | estimate_ISI_encode | return value |
|interrupt               | out |    1| ap_ctrl_hs | estimate_ISI_encode | return value |
+------------------------+-----+-----+------------+---------------------+--------------+

