INFO: [SIM 2] *************** CSIM start ***************
INFO: [SIM 4] CSIM will launch GCC as the compiler.
   Compiling ../../../../Compiled_Code/FRbin_fixed_test.cpp in debug mode
   Compiling ../../../../Compiled_Code/FRbin_fixed.cpp in debug mode
   Generating csim.exe
Successfully opening file
Successfully opening file
Total size is 200
10
10
0
0
0
0
0
0
0
0
10
0
10
0
0
0
20
0
0
0
0
10
0
0
10
0
10
0
0
0
0
0
0
0
0
10
0
10
10
0
0
0
0
0
0
0
0
0
10
30
0
0
0
0
10
0
0
0
0
0
10
0
0
10
20
20
0
10
0
10
0
0
0
0
10
30
50
30
50
30
70
10
30
10
0
0
10
10
0
0
0
0
10
0
0
0
0
0
0
10
0
0
0
0
0
0
0
0
0
0
0
0
0
0
0
0
0
0
10
0
0
20
0
0
0
0
10
0
0
0
10
0
0
0
0
0
0
0
0
0
0
0
10
0
0
0
0
0
0
10
0
0
0
20
0
0
0
0
0
0
0
0
0
0
10
0
0
0
0
0
10
0
10
0
0
0
0
0
0
10
10
0
0
0
0
0
0
0
0
0
0
0
0
0
0
0
0
0
0
0
The total difference is 0.000000 
The accuracy is 100.000000%
Test Passed
INFO: [SIM 1] CSim done with 0 errors.
INFO: [SIM 3] *************** CSIM finish ***************
