INFO: [SIM 2] *************** CSIM start ***************
INFO: [SIM 4] CSIM will launch GCC as the compiler.
   Compiling ../../../../Compiled_Code/ISI_MUL_FIX_v4.cpp in debug mode
   Generating csim.exe
Column1
ISI:178 in channel 1
ISI:51 in channel 2
ISI:108 in channel 3
ISI:194 in channel 4
ISI:140 in channel 5
ISI:1000 in channel 6
ISI:120 in channel 7
ISI:1000 in channel 8
ISI:1000 in channel 9
ISI:106 in channel 10
ISI:28 in channel 11
ISI:1000 in channel 12
ISI:1000 in channel 13
ISI:1000 in channel 14
ISI:1000 in channel 15
ISI:156 in channel 16
ISI:1000 in channel 17
ISI:35 in channel 18
ISI:1000 in channel 19
ISI:1000 in channel 20
ISI:1000 in channel 21
ISI:80 in channel 22
ISI:1000 in channel 23
ISI:174 in channel 24
ISI:74 in channel 25
ISI:186 in channel 26
ISI:36 in channel 27
ISI:1000 in channel 28
ISI:1000 in channel 29
ISI:198 in channel 30
ISI:1000 in channel 31
ISI:198 in channel 32
ISI:1000 in channel 33
ISI:1000 in channel 34
ISI:1000 in channel 35
ISI:165 in channel 36
ISI:1000 in channel 37
ISI:138 in channel 38
ISI:136 in channel 39
ISI:1000 in channel 40
ISI:1000 in channel 41
ISI:1000 in channel 42
ISI:1000 in channel 43
ISI:32 in channel 44
ISI:1000 in channel 45
ISI:178 in channel 46
ISI:1000 in channel 47
ISI:1000 in channel 48
ISI:64 in channel 49
ISI:56 in channel 50
ISI:34 in channel 51
ISI:58 in channel 52
ISI:96 in channel 53
ISI:40 in channel 54
ISI:106 in channel 55
ISI:124 in channel 56
ISI:68 in channel 57
ISI:94 in channel 58
ISI:48 in channel 59
ISI:185 in channel 60
ISI:1000 in channel 61
ISI:28 in channel 62
ISI:74 in channel 63
ISI:40 in channel 64
ISI:60 in channel 65
ISI:84 in channel 66
ISI:152 in channel 67
ISI:120 in channel 68
ISI:1000 in channel 69
ISI:46 in channel 70
ISI:107 in channel 71
ISI:136 in channel 72
ISI:37 in channel 73
ISI:38 in channel 74
ISI:1000 in channel 75
ISI:51 in channel 76
ISI:28 in channel 77
ISI:1000 in channel 78
ISI:1000 in channel 79
ISI:36 in channel 80
ISI:32 in channel 81
ISI:1000 in channel 82
ISI:1000 in channel 83
ISI:1000 in channel 84
ISI:1000 in channel 85
ISI:62 in channel 86
ISI:32 in channel 87
ISI:1000 in channel 88
ISI:92 in channel 89
ISI:186 in channel 90
ISI:90 in channel 91
ISI:1000 in channel 92
ISI:1000 in channel 93
ISI:1000 in channel 94
ISI:31 in channel 95
ISI:1000 in channel 96
Column2
ISI:1000 in channel 1
ISI:57 in channel 2
ISI:105 in channel 3
ISI:1000 in channel 4
ISI:1000 in channel 5
ISI:1000 in channel 6
ISI:1000 in channel 7
ISI:1000 in channel 8
ISI:26 in channel 9
ISI:1000 in channel 10
ISI:1000 in channel 11
ISI:328 in channel 12
ISI:1000 in channel 13
ISI:348 in channel 14
ISI:316 in channel 15
ISI:106 in channel 16
ISI:324 in channel 17
ISI:1000 in channel 18
ISI:1000 in channel 19
ISI:1000 in channel 20
ISI:368 in channel 21
ISI:1000 in channel 22
ISI:306 in channel 23
ISI:1000 in channel 24
ISI:1000 in channel 25
ISI:150 in channel 26
ISI:48 in channel 27
ISI:1000 in channel 28
ISI:1000 in channel 29
ISI:1000 in channel 30
ISI:1000 in channel 31
ISI:58 in channel 32
ISI:1000 in channel 33
ISI:1000 in channel 34
ISI:1000 in channel 35
ISI:1000 in channel 36
ISI:272 in channel 37
ISI:1000 in channel 38
ISI:76 in channel 39
ISI:1000 in channel 40
ISI:1000 in channel 41
ISI:1000 in channel 42
ISI:1000 in channel 43
ISI:1000 in channel 44
ISI:1000 in channel 45
ISI:190 in channel 46
ISI:1000 in channel 47
ISI:1000 in channel 48
ISI:34 in channel 49
ISI:84 in channel 50
ISI:1000 in channel 51
ISI:215 in channel 52
ISI:1000 in channel 53
ISI:1000 in channel 54
ISI:1000 in channel 55
ISI:95 in channel 56
ISI:1000 in channel 57
ISI:90 in channel 58
ISI:1000 in channel 59
ISI:94 in channel 60
ISI:1000 in channel 61
ISI:1000 in channel 62
ISI:1000 in channel 63
ISI:60 in channel 64
ISI:51 in channel 65
ISI:184 in channel 66
ISI:162 in channel 67
ISI:52 in channel 68
ISI:1000 in channel 69
ISI:1000 in channel 70
ISI:169 in channel 71
ISI:124 in channel 72
ISI:55 in channel 73
ISI:1000 in channel 74
ISI:1000 in channel 75
ISI:33 in channel 76
ISI:120 in channel 77
ISI:300 in channel 78
ISI:300 in channel 79
ISI:1000 in channel 80
ISI:140 in channel 81
ISI:300 in channel 82
ISI:1000 in channel 83
ISI:300 in channel 84
ISI:1000 in channel 85
ISI:1000 in channel 86
ISI:1000 in channel 87
ISI:1000 in channel 88
ISI:190 in channel 89
ISI:1000 in channel 90
ISI:1000 in channel 91
ISI:34 in channel 92
ISI:96 in channel 93
ISI:1000 in channel 94
ISI:35 in channel 95
ISI:1000 in channel 96
Column3
ISI:1000 in channel 1
ISI:35 in channel 2
ISI:1000 in channel 3
ISI:1000 in channel 4
ISI:1000 in channel 5
ISI:434 in channel 6
ISI:338 in channel 7
ISI:1000 in channel 8
ISI:226 in channel 9
ISI:1000 in channel 10
ISI:1000 in channel 11
ISI:1000 in channel 12
ISI:460 in channel 13
ISI:1000 in channel 14
ISI:1000 in channel 15
ISI:44 in channel 16
ISI:262 in channel 17
ISI:1000 in channel 18
ISI:1000 in channel 19
ISI:442 in channel 20
ISI:1000 in channel 21
ISI:404 in channel 22
ISI:1000 in channel 23
ISI:1000 in channel 24
ISI:320 in channel 25
ISI:1000 in channel 26
ISI:35 in channel 27
ISI:476 in channel 28
ISI:494 in channel 29
ISI:1000 in channel 30
ISI:1000 in channel 31
ISI:216 in channel 32
ISI:1000 in channel 33
ISI:1000 in channel 34
ISI:1000 in channel 35
ISI:1000 in channel 36
ISI:34 in channel 37
ISI:374 in channel 38
ISI:1000 in channel 39
ISI:1000 in channel 40
ISI:1000 in channel 41
ISI:1000 in channel 42
ISI:1000 in channel 43
ISI:1000 in channel 44
ISI:1000 in channel 45
ISI:104 in channel 46
ISI:1000 in channel 47
ISI:1000 in channel 48
ISI:1000 in channel 49
ISI:132 in channel 50
ISI:1000 in channel 51
ISI:209 in channel 52
ISI:1000 in channel 53
ISI:1000 in channel 54
ISI:240 in channel 55
ISI:68 in channel 56
ISI:171 in channel 57
ISI:1000 in channel 58
ISI:228 in channel 59
ISI:1000 in channel 60
ISI:114 in channel 61
ISI:52 in channel 62
ISI:404 in channel 63
ISI:70 in channel 64
ISI:104 in channel 65
ISI:58 in channel 66
ISI:1000 in channel 67
ISI:168 in channel 68
ISI:1000 in channel 69
ISI:440 in channel 70
ISI:292 in channel 71
ISI:121 in channel 72
ISI:202 in channel 73
ISI:297 in channel 74
ISI:400 in channel 75
ISI:158 in channel 76
ISI:1000 in channel 77
ISI:1000 in channel 78
ISI:1000 in channel 79
ISI:450 in channel 80
ISI:55 in channel 81
ISI:1000 in channel 82
ISI:472 in channel 83
ISI:1000 in channel 84
ISI:1000 in channel 85
ISI:1000 in channel 86
ISI:244 in channel 87
ISI:426 in channel 88
ISI:1000 in channel 89
ISI:322 in channel 90
ISI:336 in channel 91
ISI:1000 in channel 92
ISI:208 in channel 93
ISI:426 in channel 94
ISI:64 in channel 95
ISI:470 in channel 96
Column4
ISI:1000 in channel 1
ISI:200 in channel 2
ISI:1000 in channel 3
ISI:1000 in channel 4
ISI:616 in channel 5
ISI:1000 in channel 6
ISI:1000 in channel 7
ISI:798 in channel 8
ISI:1000 in channel 9
ISI:588 in channel 10
ISI:1000 in channel 11
ISI:1000 in channel 12
ISI:1000 in channel 13
ISI:1000 in channel 14
ISI:1000 in channel 15
ISI:1000 in channel 16
ISI:1000 in channel 17
ISI:1000 in channel 18
ISI:1000 in channel 19
ISI:1000 in channel 20
ISI:1000 in channel 21
ISI:1000 in channel 22
ISI:1000 in channel 23
ISI:468 in channel 24
ISI:324 in channel 25
ISI:1000 in channel 26
ISI:1000 in channel 27
ISI:1000 in channel 28
ISI:1000 in channel 29
ISI:1000 in channel 30
ISI:1000 in channel 31
ISI:278 in channel 32
ISI:1000 in channel 33
ISI:1000 in channel 34
ISI:1000 in channel 35
ISI:1000 in channel 36
ISI:282 in channel 37
ISI:1000 in channel 38
ISI:500 in channel 39
ISI:1000 in channel 40
ISI:1000 in channel 41
ISI:148 in channel 42
ISI:1000 in channel 43
ISI:1000 in channel 44
ISI:1000 in channel 45
ISI:1000 in channel 46
ISI:1000 in channel 47
ISI:1000 in channel 48
ISI:1000 in channel 49
ISI:295 in channel 50
ISI:624 in channel 51
ISI:196 in channel 52
ISI:1000 in channel 53
ISI:1000 in channel 54
ISI:1000 in channel 55
ISI:1000 in channel 56
ISI:1000 in channel 57
ISI:1000 in channel 58
ISI:1000 in channel 59
ISI:458 in channel 60
ISI:1000 in channel 61
ISI:1000 in channel 62
ISI:1000 in channel 63
ISI:332 in channel 64
ISI:1000 in channel 65
ISI:1000 in channel 66
ISI:42 in channel 67
ISI:1000 in channel 68
ISI:1000 in channel 69
ISI:150 in channel 70
ISI:54 in channel 71
ISI:1000 in channel 72
ISI:1000 in channel 73
ISI:1000 in channel 74
ISI:320 in channel 75
ISI:372 in channel 76
ISI:396 in channel 77
ISI:1000 in channel 78
ISI:1000 in channel 79
ISI:172 in channel 80
ISI:76 in channel 81
ISI:1000 in channel 82
ISI:1000 in channel 83
ISI:1000 in channel 84
ISI:630 in channel 85
ISI:1000 in channel 86
ISI:256 in channel 87
ISI:1000 in channel 88
ISI:440 in channel 89
ISI:286 in channel 90
ISI:1000 in channel 91
ISI:1000 in channel 92
ISI:204 in channel 93
ISI:1000 in channel 94
ISI:1000 in channel 95
ISI:1000 in channel 96
Column5
ISI:1000 in channel 1
ISI:54 in channel 2
ISI:606 in channel 3
ISI:804 in channel 4
ISI:52 in channel 5
ISI:1000 in channel 6
ISI:530 in channel 7
ISI:771 in channel 8
ISI:1000 in channel 9
ISI:86 in channel 10
ISI:724 in channel 11
ISI:512 in channel 12
ISI:116 in channel 13
ISI:1000 in channel 14
ISI:104 in channel 15
ISI:52 in channel 16
ISI:1000 in channel 17
ISI:1000 in channel 18
ISI:34 in channel 19
ISI:1000 in channel 20
ISI:28 in channel 21
ISI:1000 in channel 22
ISI:692 in channel 23
ISI:1000 in channel 24
ISI:302 in channel 25
ISI:1000 in channel 26
ISI:356 in channel 27
ISI:1000 in channel 28
ISI:1000 in channel 29
ISI:762 in channel 30
ISI:960 in channel 31
ISI:1000 in channel 32
ISI:739 in channel 33
ISI:1000 in channel 34
ISI:1000 in channel 35
ISI:1000 in channel 36
ISI:112 in channel 37
ISI:1000 in channel 38
ISI:54 in channel 39
ISI:892 in channel 40
ISI:882 in channel 41
ISI:1000 in channel 42
ISI:960 in channel 43
ISI:782 in channel 44
ISI:832 in channel 45
ISI:1000 in channel 46
ISI:1000 in channel 47
ISI:763 in channel 48
ISI:36 in channel 49
ISI:140 in channel 50
ISI:602 in channel 51
ISI:78 in channel 52
ISI:750 in channel 53
ISI:1000 in channel 54
ISI:1000 in channel 55
ISI:134 in channel 56
ISI:340 in channel 57
ISI:1000 in channel 58
ISI:486 in channel 59
ISI:1000 in channel 60
ISI:1000 in channel 61
ISI:256 in channel 62
ISI:1000 in channel 63
ISI:319 in channel 64
ISI:546 in channel 65
ISI:1000 in channel 66
ISI:1000 in channel 67
ISI:452 in channel 68
ISI:1000 in channel 69
ISI:88 in channel 70
ISI:1000 in channel 71
ISI:1000 in channel 72
ISI:1000 in channel 73
ISI:404 in channel 74
ISI:48 in channel 75
ISI:108 in channel 76
ISI:1000 in channel 77
ISI:650 in channel 78
ISI:1000 in channel 79
ISI:1000 in channel 80
ISI:1000 in channel 81
ISI:650 in channel 82
ISI:1000 in channel 83
ISI:650 in channel 84
ISI:300 in channel 85
ISI:1000 in channel 86
ISI:40 in channel 87
ISI:1000 in channel 88
ISI:1000 in channel 89
ISI:56 in channel 90
ISI:1000 in channel 91
ISI:570 in channel 92
ISI:1000 in channel 93
ISI:406 in channel 94
ISI:414 in channel 95
ISI:438 in channel 96
INFO: [SIM 1] CSim done with 0 errors.
INFO: [SIM 3] *************** CSIM finish ***************
