INFO: [SIM 2] *************** CSIM start ***************
INFO: [SIM 4] CSIM will launch GCC as the compiler.
   Compiling ../../../../Compiled_Code/BIN_RealTime_fix.cpp in debug mode
   Generating csim.exe
Successfully opening file
count:1
count:1
count:0
count:0
count:0
count:0
count:0
count:0
count:0
count:0
count:1
count:0
count:1
count:0
count:0
count:0
count:2
count:0
count:0
count:0
count:0
count:1
count:0
count:0
count:1
count:0
count:1
count:0
count:0
count:0
count:0
count:0
count:0
count:0
count:0
count:1
count:0
count:1
count:1
count:0
count:0
count:0
count:0
count:0
count:0
count:0
count:0
count:0
count:1
count:3
count:0
count:0
count:0
count:0
count:1
count:0
count:0
count:0
count:0
count:0
count:1
count:0
count:0
count:1
count:2
count:2
count:0
count:1
count:0
count:1
count:0
count:0
count:0
count:0
count:1
count:3
count:5
count:3
count:5
count:3
count:7
count:1
count:3
count:1
count:0
count:0
count:1
count:1
count:0
count:0
count:0
count:0
count:1
count:0
count:0
count:0
count:0
count:0
count:0
count:1
count:0
count:0
count:0
count:0
count:0
count:0
count:0
count:0
count:0
count:0
count:0
count:0
count:0
count:0
count:0
count:0
count:0
count:0
count:1
count:0
count:0
count:2
count:0
count:0
count:0
count:0
count:1
count:0
count:0
count:0
count:1
count:0
count:0
count:0
count:0
count:0
count:0
count:0
count:0
count:0
count:0
count:0
count:1
count:0
count:0
count:0
count:0
count:0
count:0
count:1
count:0
count:0
count:0
count:2
count:0
count:0
count:0
count:0
count:0
count:0
count:0
count:0
count:0
count:0
count:1
count:0
count:0
count:0
count:0
count:0
count:1
count:0
count:1
count:0
count:0
count:0
count:0
count:0
count:0
count:1
count:1
count:0
count:0
count:0
count:0
count:0
count:0
count:0
count:0
count:0
count:0
count:0
count:0
count:0
count:0
count:0
count:0
count:0
count:0
Successfully opening file
Total size is 200
difference:0
difference:0
difference:0
difference:0
difference:0
difference:0
difference:0
difference:0
difference:0
difference:0
difference:0
difference:0
difference:0
difference:0
difference:0
difference:0
difference:0
difference:0
difference:0
difference:0
difference:0
difference:0
difference:0
difference:0
difference:0
difference:0
difference:0
difference:0
difference:0
difference:0
difference:0
difference:0
difference:0
difference:0
difference:0
difference:0
difference:0
difference:0
difference:0
difference:0
difference:0
difference:0
difference:0
difference:0
difference:0
difference:0
difference:0
difference:0
difference:0
difference:0
difference:0
difference:0
difference:0
difference:0
difference:0
difference:0
difference:0
difference:0
difference:0
difference:0
difference:0
difference:0
difference:0
difference:0
difference:0
difference:0
difference:0
difference:0
difference:0
difference:0
difference:0
difference:0
difference:0
difference:0
difference:0
difference:0
difference:0
difference:0
difference:0
difference:0
difference:0
difference:0
difference:0
difference:0
difference:0
difference:0
difference:0
difference:0
difference:0
difference:0
difference:0
difference:0
difference:0
difference:0
difference:0
difference:0
difference:0
difference:0
difference:0
difference:0
difference:0
difference:0
difference:0
difference:0
difference:0
difference:0
difference:0
difference:0
difference:0
difference:0
difference:0
difference:0
difference:0
difference:0
difference:0
difference:0
difference:0
difference:0
difference:0
difference:0
difference:0
difference:0
difference:0
difference:0
difference:0
difference:0
difference:0
difference:0
difference:0
difference:0
difference:0
difference:0
difference:0
difference:0
difference:0
difference:0
difference:0
difference:0
difference:0
difference:0
difference:0
difference:0
difference:0
difference:0
difference:0
difference:0
difference:0
difference:0
difference:0
difference:0
difference:0
difference:0
difference:0
difference:0
difference:0
difference:0
difference:0
difference:0
difference:0
difference:0
difference:0
difference:0
difference:0
difference:0
difference:0
difference:0
difference:0
difference:0
difference:0
difference:0
difference:0
difference:0
difference:0
difference:0
difference:0
difference:0
difference:0
difference:0
difference:0
difference:0
difference:0
difference:0
difference:0
difference:0
difference:0
difference:0
difference:0
difference:0
difference:0
difference:0
difference:0
difference:0
difference:0
difference:0
difference:0
difference:0
difference:0
difference:0
difference:0
The total difference is 0.000000 
The accuracy is 100.000000%
Test Passed
INFO: [SIM 1] CSim done with 0 errors.
INFO: [SIM 3] *************** CSIM finish ***************
