INFO: [SIM 2] *************** CSIM start ***************
INFO: [SIM 4] CSIM will launch GCC as the compiler.
   Compiling ../../../../code/BIN_FLOAT_test.cpp in debug mode
   Generating csim.exe
Column: 2
FR:10 in channel 1
FR:15 in channel 2
FR:20 in channel 3
FR:5 in channel 4
FR:15 in channel 5
FR:0 in channel 6
FR:5 in channel 7
FR:0 in channel 8
FR:0 in channel 9
FR:10 in channel 10
FR:20 in channel 11
FR:0 in channel 12
FR:0 in channel 13
FR:0 in channel 14
FR:0 in channel 15
FR:5 in channel 16
FR:0 in channel 17
FR:15 in channel 18
FR:0 in channel 19
FR:0 in channel 20
FR:0 in channel 21
FR:5 in channel 22
FR:0 in channel 23
FR:5 in channel 24
FR:5 in channel 25
FR:5 in channel 26
FR:30 in channel 27
FR:0 in channel 28
FR:0 in channel 29
FR:5 in channel 30
FR:0 in channel 31
FR:5 in channel 32
FR:0 in channel 33
FR:0 in channel 34
FR:0 in channel 35
FR:10 in channel 36
FR:0 in channel 37
FR:10 in channel 38
FR:5 in channel 39
FR:0 in channel 40
FR:0 in channel 41
FR:0 in channel 42
FR:0 in channel 43
FR:5 in channel 44
FR:0 in channel 45
FR:5 in channel 46
FR:0 in channel 47
FR:0 in channel 48
FR:20 in channel 49
FR:35 in channel 50
FR:15 in channel 51
FR:30 in channel 52
FR:5 in channel 53
FR:15 in channel 54
FR:15 in channel 55
FR:20 in channel 56
FR:10 in channel 57
FR:10 in channel 58
FR:15 in channel 59
FR:10 in channel 60
FR:0 in channel 61
FR:40 in channel 62
FR:10 in channel 63
FR:40 in channel 64
FR:20 in channel 65
FR:10 in channel 66
FR:5 in channel 67
FR:10 in channel 68
FR:0 in channel 69
FR:5 in channel 70
FR:10 in channel 71
FR:10 in channel 72
FR:30 in channel 73
FR:30 in channel 74
FR:0 in channel 75
FR:15 in channel 76
FR:10 in channel 77
FR:0 in channel 78
FR:0 in channel 79
FR:5 in channel 80
FR:35 in channel 81
FR:0 in channel 82
FR:0 in channel 83
FR:0 in channel 84
FR:0 in channel 85
FR:5 in channel 86
FR:15 in channel 87
FR:0 in channel 88
FR:5 in channel 89
FR:5 in channel 90
FR:5 in channel 91
FR:0 in channel 92
FR:0 in channel 93
FR:0 in channel 94
FR:35 in channel 95
FR:0 in channel 96
Column: 3
FR:0 in channel 1
FR:10 in channel 2
FR:5 in channel 3
FR:0 in channel 4
FR:0 in channel 5
FR:0 in channel 6
FR:0 in channel 7
FR:0 in channel 8
FR:20 in channel 9
FR:0 in channel 10
FR:0 in channel 11
FR:10 in channel 12
FR:0 in channel 13
FR:5 in channel 14
FR:5 in channel 15
FR:10 in channel 16
FR:5 in channel 17
FR:0 in channel 18
FR:0 in channel 19
FR:0 in channel 20
FR:5 in channel 21
FR:0 in channel 22
FR:5 in channel 23
FR:0 in channel 24
FR:0 in channel 25
FR:15 in channel 26
FR:30 in channel 27
FR:0 in channel 28
FR:0 in channel 29
FR:0 in channel 30
FR:0 in channel 31
FR:5 in channel 32
FR:0 in channel 33
FR:0 in channel 34
FR:0 in channel 35
FR:0 in channel 36
FR:5 in channel 37
FR:0 in channel 38
FR:10 in channel 39
FR:0 in channel 40
FR:0 in channel 41
FR:0 in channel 42
FR:0 in channel 43
FR:0 in channel 44
FR:0 in channel 45
FR:5 in channel 46
FR:0 in channel 47
FR:0 in channel 48
FR:5 in channel 49
FR:5 in channel 50
FR:0 in channel 51
FR:15 in channel 52
FR:0 in channel 53
FR:0 in channel 54
FR:0 in channel 55
FR:10 in channel 56
FR:0 in channel 57
FR:10 in channel 58
FR:0 in channel 59
FR:25 in channel 60
FR:0 in channel 61
FR:0 in channel 62
FR:0 in channel 63
FR:25 in channel 64
FR:20 in channel 65
FR:5 in channel 66
FR:10 in channel 67
FR:5 in channel 68
FR:0 in channel 69
FR:0 in channel 70
FR:10 in channel 71
FR:15 in channel 72
FR:10 in channel 73
FR:0 in channel 74
FR:0 in channel 75
FR:15 in channel 76
FR:35 in channel 77
FR:5 in channel 78
FR:5 in channel 79
FR:0 in channel 80
FR:20 in channel 81
FR:5 in channel 82
FR:0 in channel 83
FR:5 in channel 84
FR:0 in channel 85
FR:0 in channel 86
FR:0 in channel 87
FR:0 in channel 88
FR:5 in channel 89
FR:0 in channel 90
FR:0 in channel 91
FR:10 in channel 92
FR:10 in channel 93
FR:0 in channel 94
FR:15 in channel 95
FR:0 in channel 96
Column: 4
FR:0 in channel 1
FR:20 in channel 2
FR:0 in channel 3
FR:0 in channel 4
FR:0 in channel 5
FR:5 in channel 6
FR:5 in channel 7
FR:0 in channel 8
FR:5 in channel 9
FR:0 in channel 10
FR:0 in channel 11
FR:0 in channel 12
FR:5 in channel 13
FR:0 in channel 14
FR:0 in channel 15
FR:15 in channel 16
FR:5 in channel 17
FR:0 in channel 18
FR:0 in channel 19
FR:5 in channel 20
FR:0 in channel 21
FR:5 in channel 22
FR:0 in channel 23
FR:0 in channel 24
FR:15 in channel 25
FR:0 in channel 26
FR:15 in channel 27
FR:5 in channel 28
FR:15 in channel 29
FR:0 in channel 30
FR:0 in channel 31
FR:5 in channel 32
FR:0 in channel 33
FR:0 in channel 34
FR:0 in channel 35
FR:0 in channel 36
FR:10 in channel 37
FR:5 in channel 38
FR:0 in channel 39
FR:0 in channel 40
FR:0 in channel 41
FR:0 in channel 42
FR:0 in channel 43
FR:0 in channel 44
FR:0 in channel 45
FR:5 in channel 46
FR:0 in channel 47
FR:0 in channel 48
FR:0 in channel 49
FR:5 in channel 50
FR:0 in channel 51
FR:5 in channel 52
FR:0 in channel 53
FR:0 in channel 54
FR:5 in channel 55
FR:10 in channel 56
FR:15 in channel 57
FR:0 in channel 58
FR:5 in channel 59
FR:0 in channel 60
FR:10 in channel 61
FR:10 in channel 62
FR:5 in channel 63
FR:5 in channel 64
FR:5 in channel 65
FR:30 in channel 66
FR:0 in channel 67
FR:5 in channel 68
FR:0 in channel 69
FR:10 in channel 70
FR:5 in channel 71
FR:5 in channel 72
FR:5 in channel 73
FR:10 in channel 74
FR:5 in channel 75
FR:5 in channel 76
FR:0 in channel 77
FR:0 in channel 78
FR:0 in channel 79
FR:5 in channel 80
FR:35 in channel 81
FR:0 in channel 82
FR:5 in channel 83
FR:0 in channel 84
FR:0 in channel 85
FR:0 in channel 86
FR:5 in channel 87
FR:5 in channel 88
FR:0 in channel 89
FR:5 in channel 90
FR:5 in channel 91
FR:0 in channel 92
FR:5 in channel 93
FR:5 in channel 94
FR:20 in channel 95
FR:5 in channel 96
Column: 5
FR:0 in channel 1
FR:5 in channel 2
FR:0 in channel 3
FR:0 in channel 4
FR:5 in channel 5
FR:0 in channel 6
FR:0 in channel 7
FR:5 in channel 8
FR:0 in channel 9
FR:5 in channel 10
FR:0 in channel 11
FR:0 in channel 12
FR:0 in channel 13
FR:0 in channel 14
FR:0 in channel 15
FR:0 in channel 16
FR:0 in channel 17
FR:0 in channel 18
FR:0 in channel 19
FR:0 in channel 20
FR:0 in channel 21
FR:0 in channel 22
FR:0 in channel 23
FR:5 in channel 24
FR:10 in channel 25
FR:0 in channel 26
FR:0 in channel 27
FR:0 in channel 28
FR:0 in channel 29
FR:0 in channel 30
FR:0 in channel 31
FR:5 in channel 32
FR:0 in channel 33
FR:0 in channel 34
FR:0 in channel 35
FR:0 in channel 36
FR:5 in channel 37
FR:0 in channel 38
FR:5 in channel 39
FR:0 in channel 40
FR:0 in channel 41
FR:10 in channel 42
FR:0 in channel 43
FR:0 in channel 44
FR:0 in channel 45
FR:0 in channel 46
FR:0 in channel 47
FR:0 in channel 48
FR:0 in channel 49
FR:10 in channel 50
FR:5 in channel 51
FR:5 in channel 52
FR:0 in channel 53
FR:0 in channel 54
FR:0 in channel 55
FR:0 in channel 56
FR:0 in channel 57
FR:0 in channel 58
FR:0 in channel 59
FR:5 in channel 60
FR:0 in channel 61
FR:0 in channel 62
FR:0 in channel 63
FR:5 in channel 64
FR:0 in channel 65
FR:0 in channel 66
FR:20 in channel 67
FR:0 in channel 68
FR:0 in channel 69
FR:5 in channel 70
FR:5 in channel 71
FR:0 in channel 72
FR:0 in channel 73
FR:0 in channel 74
FR:5 in channel 75
FR:5 in channel 76
FR:5 in channel 77
FR:0 in channel 78
FR:0 in channel 79
FR:5 in channel 80
FR:30 in channel 81
FR:0 in channel 82
FR:0 in channel 83
FR:0 in channel 84
FR:5 in channel 85
FR:0 in channel 86
FR:5 in channel 87
FR:0 in channel 88
FR:10 in channel 89
FR:5 in channel 90
FR:0 in channel 91
FR:0 in channel 92
FR:5 in channel 93
FR:0 in channel 94
FR:0 in channel 95
FR:0 in channel 96
Column: 6
FR:0 in channel 1
FR:15 in channel 2
FR:5 in channel 3
FR:5 in channel 4
FR:5 in channel 5
FR:0 in channel 6
FR:5 in channel 7
FR:5 in channel 8
FR:0 in channel 9
FR:15 in channel 10
FR:5 in channel 11
FR:5 in channel 12
FR:15 in channel 13
FR:0 in channel 14
FR:10 in channel 15
FR:10 in channel 16
FR:0 in channel 17
FR:0 in channel 18
FR:10 in channel 19
FR:0 in channel 20
FR:20 in channel 21
FR:0 in channel 22
FR:5 in channel 23
FR:0 in channel 24
FR:10 in channel 25
FR:0 in channel 26
FR:5 in channel 27
FR:0 in channel 28
FR:0 in channel 29
FR:5 in channel 30
FR:5 in channel 31
FR:0 in channel 32
FR:20 in channel 33
FR:0 in channel 34
FR:0 in channel 35
FR:0 in channel 36
FR:15 in channel 37
FR:0 in channel 38
FR:30 in channel 39
FR:5 in channel 40
FR:5 in channel 41
FR:0 in channel 42
FR:5 in channel 43
FR:10 in channel 44
FR:5 in channel 45
FR:0 in channel 46
FR:0 in channel 47
FR:15 in channel 48
FR:10 in channel 49
FR:10 in channel 50
FR:5 in channel 51
FR:10 in channel 52
FR:5 in channel 53
FR:0 in channel 54
FR:0 in channel 55
FR:10 in channel 56
FR:5 in channel 57
FR:0 in channel 58
FR:5 in channel 59
FR:0 in channel 60
FR:0 in channel 61
FR:10 in channel 62
FR:0 in channel 63
FR:5 in channel 64
FR:5 in channel 65
FR:0 in channel 66
FR:0 in channel 67
FR:5 in channel 68
FR:0 in channel 69
FR:15 in channel 70
FR:0 in channel 71
FR:0 in channel 72
FR:0 in channel 73
FR:5 in channel 74
FR:10 in channel 75
FR:30 in channel 76
FR:0 in channel 77
FR:10 in channel 78
FR:0 in channel 79
FR:0 in channel 80
FR:0 in channel 81
FR:10 in channel 82
FR:0 in channel 83
FR:10 in channel 84
FR:5 in channel 85
FR:0 in channel 86
FR:15 in channel 87
FR:0 in channel 88
FR:0 in channel 89
FR:5 in channel 90
FR:0 in channel 91
FR:5 in channel 92
FR:0 in channel 93
FR:5 in channel 94
FR:5 in channel 95
FR:10 in channel 96
INFO: [SIM 1] CSim done with 0 errors.
INFO: [SIM 3] *************** CSIM finish ***************
